[debug] [2020-05-12T21:55:35.829Z] ----------------------------------------------------------------------
[debug] [2020-05-12T21:55:35.831Z] Command:       /usr/local/bin/node /usr/local/bin/firebase emulators:start --only functions
[debug] [2020-05-12T21:55:35.831Z] CLI Version:   8.2.0
[debug] [2020-05-12T21:55:35.831Z] Platform:      darwin
[debug] [2020-05-12T21:55:35.832Z] Node Version:  v12.16.1
[debug] [2020-05-12T21:55:35.832Z] Time:          Tue May 12 2020 23:55:35 GMT+0200 (Central European Summer Time)
[debug] [2020-05-12T21:55:35.832Z] ----------------------------------------------------------------------
[debug] [2020-05-12T21:55:35.832Z] 
[debug] [2020-05-12T21:55:35.845Z] > command requires scopes: ["email","openid","https://www.googleapis.com/auth/cloudplatformprojects.readonly","https://www.googleapis.com/auth/firebase","https://www.googleapis.com/auth/cloud-platform"]
[debug] [2020-05-12T21:55:35.846Z] > authorizing via signed-in user
[info] i  emulators: Starting emulators: functions
[debug] [2020-05-12T21:55:35.893Z] [hub] writing locator at /var/folders/1t/nn8bm0yn4119nnqs2b2nsyg80000gn/T/hub-tms-e-stanley-jones.json
[info] ✔  hub: emulator hub started at http://localhost:4400
[warn] ⚠  Your functions directory does not specify a Node version.
   - Learn more at https://firebase.google.com/docs/functions/manage-functions#set_runtime_options
[info] ✔  functions: functions emulator started at http://localhost:5001
[info] i  functions: Watching "/Users/gabe/Desktop/tms-e.stanley.jones/functions" for Cloud Functions...
[debug] [2020-05-12T21:55:35.914Z] [worker-pool] addWorker(~diagnostic~) 
[debug] [2020-05-12T21:55:35.915Z] [worker-pool] Adding worker with key ~diagnostic~, total=1 
[debug] [2020-05-12T21:55:35.915Z] [worker-pool] submitWork(triggerId=) 
[debug] [2020-05-12T21:55:35.915Z] [worker-~diagnostic~-3a9fe1d8-d33a-4bb9-89bc-7eaf3ec00106]: Assigning socketPath: /var/folders/1t/nn8bm0yn4119nnqs2b2nsyg80000gn/T/fire_emu_33796.sock 
[debug] [2020-05-12T21:55:35.916Z] [worker-~diagnostic~-3a9fe1d8-d33a-4bb9-89bc-7eaf3ec00106]: BUSY 
[info] >  Debugger listening on ws://127.0.0.1:62241/ca8aace8-07d3-4713-8e22-922aa6a3e22c {"user":"Debugger listening on ws://127.0.0.1:62241/ca8aace8-07d3-4713-8e22-922aa6a3e22c"}
[info] >  For help, see: https://nodejs.org/en/docs/inspector {"user":"For help, see: https://nodejs.org/en/docs/inspector"}
[info] >  Debugger attached. {"user":"Debugger attached."}
[debug] [2020-05-12T21:55:36.325Z] [runtime-status] [33796] Functions runtime initialized. {"cwd":"/Users/gabe/Desktop/tms-e.stanley.jones/functions","node_version":"12.16.1"} 
[debug] [2020-05-12T21:55:36.327Z] [runtime-status] [33796] Disabled runtime features: undefined 
[debug] [2020-05-12T21:55:36.328Z] [runtime-status] [33796] Resolved module firebase-admin {"declared":true,"installed":true,"version":"8.12.1","resolution":"/Users/gabe/Desktop/tms-e.stanley.jones/functions/node_modules/firebase-admin/lib/index.js"} 
[debug] [2020-05-12T21:55:36.329Z] [runtime-status] [33796] Resolved module firebase-functions {"declared":true,"installed":true,"version":"3.6.1","resolution":"/Users/gabe/Desktop/tms-e.stanley.jones/functions/node_modules/firebase-functions/lib/index.js"} 
[debug] [2020-05-12T21:55:36.332Z] [runtime-status] [33796] Outgoing network have been stubbed. [{"name":"http","status":"mocked"},{"name":"http","status":"mocked"},{"name":"https","status":"mocked"},{"name":"https","status":"mocked"},{"name":"net","status":"mocked"}] 
[debug] [2020-05-12T21:55:36.409Z] [runtime-status] [33796] Checked functions.config() {"config":{}} 
[debug] [2020-05-12T21:55:36.409Z] [runtime-status] [33796] Resolved module firebase-functions {"declared":true,"installed":true,"version":"3.6.1","resolution":"/Users/gabe/Desktop/tms-e.stanley.jones/functions/node_modules/firebase-functions/lib/index.js"} 
[debug] [2020-05-12T21:55:36.410Z] [runtime-status] [33796] Resolved module firebase-admin {"declared":true,"installed":true,"version":"8.12.1","resolution":"/Users/gabe/Desktop/tms-e.stanley.jones/functions/node_modules/firebase-admin/lib/index.js"} 
[debug] [2020-05-12T21:55:36.411Z] [runtime-status] [33796] Resolved module firebase-functions {"declared":true,"installed":true,"version":"3.6.1","resolution":"/Users/gabe/Desktop/tms-e.stanley.jones/functions/node_modules/firebase-functions/lib/index.js"} 
[debug] [2020-05-12T21:55:36.411Z] [runtime-status] [33796] firebase-admin has been stubbed. {"adminResolution":{"declared":true,"installed":true,"version":"8.12.1","resolution":"/Users/gabe/Desktop/tms-e.stanley.jones/functions/node_modules/firebase-admin/lib/index.js"}} 
[debug] [2020-05-12T21:55:36.467Z] [runtime-status] [33796] config() parent accessed! {"parentKey":"secrets","parentConfig":{}} 
[warn] ⚠  Non-existent functions.config() value requested!
   - Path: "secrets.fb_access_token"
   - Learn more at https://firebase.google.com/docs/functions/local-emulator
[info] ✔  functions[MostRecentPost]: http function initialized (http://localhost:5001/tms-e-stanley-jones/us-central1/MostRecentPost).
[info] ✔  emulators: All emulators started, it is now safe to connect.
[debug] [2020-05-12T21:55:36.470Z] [worker-~diagnostic~-3a9fe1d8-d33a-4bb9-89bc-7eaf3ec00106]: IDLE 
[debug] [2020-05-12T21:55:41.989Z] [work-queue] {"queueLength":1,"workRunningCount":0}
[debug] [2020-05-12T21:55:41.989Z] [work-queue] {"queueLength":0,"workRunningCount":1}
[debug] [2020-05-12T21:55:41.990Z] Accepted request GET /tms-e-stanley-jones/us-central1/MostRecentPost --> MostRecentPost
[debug] [2020-05-12T21:55:41.994Z] [worker-pool] addWorker(MostRecentPost) 
[debug] [2020-05-12T21:55:41.995Z] [worker-pool] Adding worker with key MostRecentPost, total=1 
[debug] [2020-05-12T21:55:41.995Z] [worker-pool] submitWork(triggerId=MostRecentPost) 
[debug] [2020-05-12T21:55:41.996Z] [worker-MostRecentPost-eae5440c-268d-4ba5-8457-6553472788ff]: Assigning socketPath: /var/folders/1t/nn8bm0yn4119nnqs2b2nsyg80000gn/T/fire_emu_33800.sock 
[debug] [2020-05-12T21:55:41.996Z] [worker-MostRecentPost-eae5440c-268d-4ba5-8457-6553472788ff]: BUSY 
[info] >  Debugger listening on ws://127.0.0.1:62273/5a04e108-855b-4381-a609-ea7aead9641a {"user":"Debugger listening on ws://127.0.0.1:62273/5a04e108-855b-4381-a609-ea7aead9641a"}
[info] >  For help, see: https://nodejs.org/en/docs/inspector {"user":"For help, see: https://nodejs.org/en/docs/inspector"}
[info] >  Debugger attached. {"user":"Debugger attached."}
[debug] [2020-05-12T21:55:42.478Z] [runtime-status] [33800] Functions runtime initialized. {"cwd":"/Users/gabe/Desktop/tms-e.stanley.jones/functions","node_version":"12.16.1"} 
[debug] [2020-05-12T21:55:42.480Z] [runtime-status] [33800] Disabled runtime features: undefined 
[debug] [2020-05-12T21:55:42.482Z] [runtime-status] [33800] Resolved module firebase-admin {"declared":true,"installed":true,"version":"8.12.1","resolution":"/Users/gabe/Desktop/tms-e.stanley.jones/functions/node_modules/firebase-admin/lib/index.js"} 
[debug] [2020-05-12T21:55:42.488Z] [runtime-status] [33800] Resolved module firebase-functions {"declared":true,"installed":true,"version":"3.6.1","resolution":"/Users/gabe/Desktop/tms-e.stanley.jones/functions/node_modules/firebase-functions/lib/index.js"} 
[debug] [2020-05-12T21:55:42.489Z] [runtime-status] [33800] Outgoing network have been stubbed. [{"name":"http","status":"mocked"},{"name":"http","status":"mocked"},{"name":"https","status":"mocked"},{"name":"https","status":"mocked"},{"name":"net","status":"mocked"}] 
[debug] [2020-05-12T21:55:42.525Z] [runtime-status] [33800] Checked functions.config() {"config":{}} 
[debug] [2020-05-12T21:55:42.525Z] [runtime-status] [33800] Resolved module firebase-functions {"declared":true,"installed":true,"version":"3.6.1","resolution":"/Users/gabe/Desktop/tms-e.stanley.jones/functions/node_modules/firebase-functions/lib/index.js"} 
[debug] [2020-05-12T21:55:42.526Z] [runtime-status] [33800] Resolved module firebase-admin {"declared":true,"installed":true,"version":"8.12.1","resolution":"/Users/gabe/Desktop/tms-e.stanley.jones/functions/node_modules/firebase-admin/lib/index.js"} 
[debug] [2020-05-12T21:55:42.527Z] [runtime-status] [33800] Resolved module firebase-functions {"declared":true,"installed":true,"version":"3.6.1","resolution":"/Users/gabe/Desktop/tms-e.stanley.jones/functions/node_modules/firebase-functions/lib/index.js"} 
[debug] [2020-05-12T21:55:42.527Z] [runtime-status] [33800] firebase-admin has been stubbed. {"adminResolution":{"declared":true,"installed":true,"version":"8.12.1","resolution":"/Users/gabe/Desktop/tms-e.stanley.jones/functions/node_modules/firebase-admin/lib/index.js"}} 
[debug] [2020-05-12T21:55:42.545Z] [runtime-status] [33800] config() parent accessed! {"parentKey":"secrets","parentConfig":{}} 
[warn] ⚠  Non-existent functions.config() value requested!
   - Path: "secrets.fb_access_token"
   - Learn more at https://firebase.google.com/docs/functions/local-emulator
[debug] [2020-05-12T21:55:42.546Z] [runtime-status] [33800] Trigger "MostRecentPost" has been found, beginning invocation! 
[info] i  functions: Beginning execution of "MostRecentPost"
[debug] [2020-05-12T21:55:42.548Z] [runtime-status] [33800] triggerDefinition {"httpsTrigger":{},"name":"MostRecentPost","entryPoint":"MostRecentPost"} 
[debug] [2020-05-12T21:55:42.548Z] [runtime-status] [33800] Running MostRecentPost in mode HTTPS 
[debug] [2020-05-12T21:55:42.551Z] [runtime-status] [33800] Attempting to listen to socketPath: /var/folders/1t/nn8bm0yn4119nnqs2b2nsyg80000gn/T/fire_emu_33800.sock 
[debug] [2020-05-12T21:55:42.555Z] [functions] Runtime ready! Sending request! 
[debug] [2020-05-12T21:55:42.562Z] [runtime-status] [33800] Ephemeral server handling GET request 
[debug] [2020-05-12T21:55:42.778Z] [runtime-status] [33800] Ephemeral server survived. 
[warn] ⚠  functions: Error: Request failed with status code 400
    at createError (/Users/gabe/Desktop/tms-e.stanley.jones/functions/node_modules/axios/lib/core/createError.js:16:15)
    at settle (/Users/gabe/Desktop/tms-e.stanley.jones/functions/node_modules/axios/lib/core/settle.js:17:12)
    at IncomingMessage.handleStreamEnd (/Users/gabe/Desktop/tms-e.stanley.jones/functions/node_modules/axios/lib/adapters/http.js:236:11)
    at IncomingMessage.emit (events.js:323:22)
    at endReadableNT (_stream_readable.js:1204:12)
    at processTicksAndRejections (internal/process/task_queues.js:84:21)
[warn] ⚠  Your function was killed because it raised an unhandled error.
[debug] [2020-05-12T21:55:42.791Z] [worker-MostRecentPost-eae5440c-268d-4ba5-8457-6553472788ff]: exited 
[debug] [2020-05-12T21:55:42.791Z] [worker-MostRecentPost-eae5440c-268d-4ba5-8457-6553472788ff]: FINISHED 
[debug] [2020-05-12T21:55:42.791Z] [work-queue] {"queueLength":0,"workRunningCount":0}
[debug] [2020-05-12T21:55:48.145Z] File /Users/gabe/Desktop/tms-e.stanley.jones/functions/src/index.ts changed, reloading triggers 
[debug] [2020-05-12T21:55:49.149Z] [worker-pool] Shutting down IDLE worker (~diagnostic~) 
[debug] [2020-05-12T21:55:49.149Z] [worker-~diagnostic~-3a9fe1d8-d33a-4bb9-89bc-7eaf3ec00106]: FINISHING 
[debug] [2020-05-12T21:55:49.150Z] [worker-pool] Cleaned up workers for MostRecentPost: 1 --> 0 
[debug] [2020-05-12T21:55:49.155Z] [worker-pool] addWorker(~diagnostic~) 
[debug] [2020-05-12T21:55:49.156Z] [worker-pool] Adding worker with key ~diagnostic~, total=2 
[debug] [2020-05-12T21:55:49.156Z] [worker-pool] submitWork(triggerId=) 
[debug] [2020-05-12T21:55:49.157Z] [worker-~diagnostic~-a265d96c-ff08-4e3b-8700-3549b06ed8c7]: Assigning socketPath: /var/folders/1t/nn8bm0yn4119nnqs2b2nsyg80000gn/T/fire_emu_33810.sock 
[debug] [2020-05-12T21:55:49.157Z] [worker-~diagnostic~-a265d96c-ff08-4e3b-8700-3549b06ed8c7]: BUSY 
[debug] [2020-05-12T21:55:49.159Z] [worker-~diagnostic~-3a9fe1d8-d33a-4bb9-89bc-7eaf3ec00106]: exited 
[debug] [2020-05-12T21:55:49.159Z] [worker-~diagnostic~-3a9fe1d8-d33a-4bb9-89bc-7eaf3ec00106]: FINISHED 
[info] >  Debugger listening on ws://127.0.0.1:62312/221bffed-2a5e-406f-a9c8-cf3b8b3cea1a {"user":"Debugger listening on ws://127.0.0.1:62312/221bffed-2a5e-406f-a9c8-cf3b8b3cea1a"}
[info] >  For help, see: https://nodejs.org/en/docs/inspector {"user":"For help, see: https://nodejs.org/en/docs/inspector"}
[info] >  Debugger attached. {"user":"Debugger attached."}
[debug] [2020-05-12T21:55:49.619Z] [runtime-status] [33810] Functions runtime initialized. {"cwd":"/Users/gabe/Desktop/tms-e.stanley.jones/functions","node_version":"12.16.1"} 
[debug] [2020-05-12T21:55:49.621Z] [runtime-status] [33810] Disabled runtime features: undefined 
[debug] [2020-05-12T21:55:49.623Z] [runtime-status] [33810] Resolved module firebase-admin {"declared":true,"installed":true,"version":"8.12.1","resolution":"/Users/gabe/Desktop/tms-e.stanley.jones/functions/node_modules/firebase-admin/lib/index.js"} 
[debug] [2020-05-12T21:55:49.624Z] [runtime-status] [33810] Resolved module firebase-functions {"declared":true,"installed":true,"version":"3.6.1","resolution":"/Users/gabe/Desktop/tms-e.stanley.jones/functions/node_modules/firebase-functions/lib/index.js"} 
[debug] [2020-05-12T21:55:49.627Z] [runtime-status] [33810] Outgoing network have been stubbed. [{"name":"http","status":"mocked"},{"name":"http","status":"mocked"},{"name":"https","status":"mocked"},{"name":"https","status":"mocked"},{"name":"net","status":"mocked"}] 
[debug] [2020-05-12T21:55:49.666Z] [runtime-status] [33810] Checked functions.config() {"config":{}} 
[debug] [2020-05-12T21:55:49.666Z] [runtime-status] [33810] Resolved module firebase-functions {"declared":true,"installed":true,"version":"3.6.1","resolution":"/Users/gabe/Desktop/tms-e.stanley.jones/functions/node_modules/firebase-functions/lib/index.js"} 
[debug] [2020-05-12T21:55:49.668Z] [runtime-status] [33810] Resolved module firebase-admin {"declared":true,"installed":true,"version":"8.12.1","resolution":"/Users/gabe/Desktop/tms-e.stanley.jones/functions/node_modules/firebase-admin/lib/index.js"} 
[debug] [2020-05-12T21:55:49.668Z] [runtime-status] [33810] Resolved module firebase-functions {"declared":true,"installed":true,"version":"3.6.1","resolution":"/Users/gabe/Desktop/tms-e.stanley.jones/functions/node_modules/firebase-functions/lib/index.js"} 
[debug] [2020-05-12T21:55:49.669Z] [runtime-status] [33810] firebase-admin has been stubbed. {"adminResolution":{"declared":true,"installed":true,"version":"8.12.1","resolution":"/Users/gabe/Desktop/tms-e.stanley.jones/functions/node_modules/firebase-admin/lib/index.js"}} 
[debug] [2020-05-12T21:55:49.687Z] [runtime-status] [33810] config() parent accessed! {"parentKey":"secrets","parentConfig":{}} 
[warn] ⚠  Non-existent functions.config() value requested!
   - Path: "secrets.fb_access_token"
   - Learn more at https://firebase.google.com/docs/functions/local-emulator
[debug] [2020-05-12T21:55:49.688Z] [worker-~diagnostic~-a265d96c-ff08-4e3b-8700-3549b06ed8c7]: IDLE 
[info] i  emulators: Shutting down emulators.
[info] i  hub: Stopping emulator hub
[info] i  functions: Stopping functions emulator
[debug] [2020-05-12T21:55:50.173Z] [worker-~diagnostic~-a265d96c-ff08-4e3b-8700-3549b06ed8c7]: exited 
[debug] [2020-05-12T21:55:50.173Z] [worker-~diagnostic~-a265d96c-ff08-4e3b-8700-3549b06ed8c7]: FINISHED 
[debug] [2020-05-12T21:56:01.270Z] ----------------------------------------------------------------------
[debug] [2020-05-12T21:56:01.272Z] Command:       /usr/local/bin/node /usr/local/bin/firebase emulators:start --only functions
[debug] [2020-05-12T21:56:01.272Z] CLI Version:   8.2.0
[debug] [2020-05-12T21:56:01.272Z] Platform:      darwin
[debug] [2020-05-12T21:56:01.272Z] Node Version:  v12.16.1
[debug] [2020-05-12T21:56:01.273Z] Time:          Tue May 12 2020 23:56:01 GMT+0200 (Central European Summer Time)
[debug] [2020-05-12T21:56:01.273Z] ----------------------------------------------------------------------
[debug] [2020-05-12T21:56:01.273Z] 
[debug] [2020-05-12T21:56:01.284Z] > command requires scopes: ["email","openid","https://www.googleapis.com/auth/cloudplatformprojects.readonly","https://www.googleapis.com/auth/firebase","https://www.googleapis.com/auth/cloud-platform"]
[debug] [2020-05-12T21:56:01.285Z] > authorizing via signed-in user
[info] i  emulators: Starting emulators: functions
[debug] [2020-05-12T21:56:01.332Z] [hub] writing locator at /var/folders/1t/nn8bm0yn4119nnqs2b2nsyg80000gn/T/hub-tms-e-stanley-jones.json
[info] ✔  hub: emulator hub started at http://localhost:4400
[warn] ⚠  Your functions directory does not specify a Node version.
   - Learn more at https://firebase.google.com/docs/functions/manage-functions#set_runtime_options
[info] ✔  functions: functions emulator started at http://localhost:5001
[info] i  functions: Watching "/Users/gabe/Desktop/tms-e.stanley.jones/functions" for Cloud Functions...
[debug] [2020-05-12T21:56:01.614Z] [worker-pool] addWorker(~diagnostic~) 
[debug] [2020-05-12T21:56:01.614Z] [worker-pool] Adding worker with key ~diagnostic~, total=1 
[debug] [2020-05-12T21:56:01.614Z] [worker-pool] submitWork(triggerId=) 
[debug] [2020-05-12T21:56:01.615Z] [worker-~diagnostic~-476e3ed2-3978-4899-9def-737317d8e1e5]: Assigning socketPath: /var/folders/1t/nn8bm0yn4119nnqs2b2nsyg80000gn/T/fire_emu_33828.sock 
[debug] [2020-05-12T21:56:01.616Z] [worker-~diagnostic~-476e3ed2-3978-4899-9def-737317d8e1e5]: BUSY 
[info] >  Debugger listening on ws://127.0.0.1:62384/36ea909f-e908-45b7-b300-5717e6acdb5c {"user":"Debugger listening on ws://127.0.0.1:62384/36ea909f-e908-45b7-b300-5717e6acdb5c"}
[info] >  For help, see: https://nodejs.org/en/docs/inspector {"user":"For help, see: https://nodejs.org/en/docs/inspector"}
[info] >  Debugger attached. {"user":"Debugger attached."}
[debug] [2020-05-12T21:56:02.141Z] [runtime-status] [33828] Functions runtime initialized. {"cwd":"/Users/gabe/Desktop/tms-e.stanley.jones/functions","node_version":"12.16.1"} 
[debug] [2020-05-12T21:56:02.143Z] [runtime-status] [33828] Disabled runtime features: undefined 
[debug] [2020-05-12T21:56:02.145Z] [runtime-status] [33828] Resolved module firebase-admin {"declared":true,"installed":true,"version":"8.12.1","resolution":"/Users/gabe/Desktop/tms-e.stanley.jones/functions/node_modules/firebase-admin/lib/index.js"} 
[debug] [2020-05-12T21:56:02.146Z] [runtime-status] [33828] Resolved module firebase-functions {"declared":true,"installed":true,"version":"3.6.1","resolution":"/Users/gabe/Desktop/tms-e.stanley.jones/functions/node_modules/firebase-functions/lib/index.js"} 
[debug] [2020-05-12T21:56:02.150Z] [runtime-status] [33828] Outgoing network have been stubbed. [{"name":"http","status":"mocked"},{"name":"http","status":"mocked"},{"name":"https","status":"mocked"},{"name":"https","status":"mocked"},{"name":"net","status":"mocked"}] 
[debug] [2020-05-12T21:56:02.198Z] [runtime-status] [33828] Checked functions.config() {"config":{}} 
[debug] [2020-05-12T21:56:02.199Z] [runtime-status] [33828] Resolved module firebase-functions {"declared":true,"installed":true,"version":"3.6.1","resolution":"/Users/gabe/Desktop/tms-e.stanley.jones/functions/node_modules/firebase-functions/lib/index.js"} 
[debug] [2020-05-12T21:56:02.200Z] [runtime-status] [33828] Resolved module firebase-admin {"declared":true,"installed":true,"version":"8.12.1","resolution":"/Users/gabe/Desktop/tms-e.stanley.jones/functions/node_modules/firebase-admin/lib/index.js"} 
[debug] [2020-05-12T21:56:02.200Z] [runtime-status] [33828] Resolved module firebase-functions {"declared":true,"installed":true,"version":"3.6.1","resolution":"/Users/gabe/Desktop/tms-e.stanley.jones/functions/node_modules/firebase-functions/lib/index.js"} 
[debug] [2020-05-12T21:56:02.201Z] [runtime-status] [33828] firebase-admin has been stubbed. {"adminResolution":{"declared":true,"installed":true,"version":"8.12.1","resolution":"/Users/gabe/Desktop/tms-e.stanley.jones/functions/node_modules/firebase-admin/lib/index.js"}} 
[debug] [2020-05-12T21:56:02.224Z] [runtime-status] [33828] config() parent accessed! {"parentKey":"secrets","parentConfig":{}} 
[warn] ⚠  Non-existent functions.config() value requested!
   - Path: "secrets.fb_access_token"
   - Learn more at https://firebase.google.com/docs/functions/local-emulator
[debug] [2020-05-12T21:56:02.225Z] [worker-~diagnostic~-476e3ed2-3978-4899-9def-737317d8e1e5]: IDLE 
[info] ✔  functions[MostRecentPost]: http function initialized (http://localhost:5001/tms-e-stanley-jones/us-central1/MostRecentPost).
[info] ✔  emulators: All emulators started, it is now safe to connect.
[debug] [2020-05-12T21:56:10.087Z] [work-queue] {"queueLength":1,"workRunningCount":0}
[debug] [2020-05-12T21:56:10.088Z] [work-queue] {"queueLength":0,"workRunningCount":1}
[debug] [2020-05-12T21:56:10.089Z] Accepted request GET /tms-e-stanley-jones/us-central1/MostRecentPost --> MostRecentPost
[debug] [2020-05-12T21:56:10.096Z] [worker-pool] addWorker(MostRecentPost) 
[debug] [2020-05-12T21:56:10.097Z] [worker-pool] Adding worker with key MostRecentPost, total=1 
[debug] [2020-05-12T21:56:10.097Z] [worker-pool] submitWork(triggerId=MostRecentPost) 
[debug] [2020-05-12T21:56:10.098Z] [worker-MostRecentPost-1fa9555f-6444-4db0-a43a-ee4d369bdaa4]: Assigning socketPath: /var/folders/1t/nn8bm0yn4119nnqs2b2nsyg80000gn/T/fire_emu_33833.sock 
[debug] [2020-05-12T21:56:10.098Z] [worker-MostRecentPost-1fa9555f-6444-4db0-a43a-ee4d369bdaa4]: BUSY 
[info] >  Debugger listening on ws://127.0.0.1:62424/1c9c14d8-6e0d-4233-ac33-4a18ac79372c {"user":"Debugger listening on ws://127.0.0.1:62424/1c9c14d8-6e0d-4233-ac33-4a18ac79372c"}
[info] >  For help, see: https://nodejs.org/en/docs/inspector {"user":"For help, see: https://nodejs.org/en/docs/inspector"}
[info] >  Debugger attached. {"user":"Debugger attached."}
[debug] [2020-05-12T21:56:10.551Z] [runtime-status] [33833] Functions runtime initialized. {"cwd":"/Users/gabe/Desktop/tms-e.stanley.jones/functions","node_version":"12.16.1"} 
[debug] [2020-05-12T21:56:10.552Z] [runtime-status] [33833] Disabled runtime features: undefined 
[debug] [2020-05-12T21:56:10.554Z] [runtime-status] [33833] Resolved module firebase-admin {"declared":true,"installed":true,"version":"8.12.1","resolution":"/Users/gabe/Desktop/tms-e.stanley.jones/functions/node_modules/firebase-admin/lib/index.js"} 
[debug] [2020-05-12T21:56:10.555Z] [runtime-status] [33833] Resolved module firebase-functions {"declared":true,"installed":true,"version":"3.6.1","resolution":"/Users/gabe/Desktop/tms-e.stanley.jones/functions/node_modules/firebase-functions/lib/index.js"} 
[debug] [2020-05-12T21:56:10.558Z] [runtime-status] [33833] Outgoing network have been stubbed. [{"name":"http","status":"mocked"},{"name":"http","status":"mocked"},{"name":"https","status":"mocked"},{"name":"https","status":"mocked"},{"name":"net","status":"mocked"}] 
[debug] [2020-05-12T21:56:10.596Z] [runtime-status] [33833] Checked functions.config() {"config":{}} 
[debug] [2020-05-12T21:56:10.596Z] [runtime-status] [33833] Resolved module firebase-functions {"declared":true,"installed":true,"version":"3.6.1","resolution":"/Users/gabe/Desktop/tms-e.stanley.jones/functions/node_modules/firebase-functions/lib/index.js"} 
[debug] [2020-05-12T21:56:10.597Z] [runtime-status] [33833] Resolved module firebase-admin {"declared":true,"installed":true,"version":"8.12.1","resolution":"/Users/gabe/Desktop/tms-e.stanley.jones/functions/node_modules/firebase-admin/lib/index.js"} 
[debug] [2020-05-12T21:56:10.598Z] [runtime-status] [33833] Resolved module firebase-functions {"declared":true,"installed":true,"version":"3.6.1","resolution":"/Users/gabe/Desktop/tms-e.stanley.jones/functions/node_modules/firebase-functions/lib/index.js"} 
[debug] [2020-05-12T21:56:10.598Z] [runtime-status] [33833] firebase-admin has been stubbed. {"adminResolution":{"declared":true,"installed":true,"version":"8.12.1","resolution":"/Users/gabe/Desktop/tms-e.stanley.jones/functions/node_modules/firebase-admin/lib/index.js"}} 
[debug] [2020-05-12T21:56:10.615Z] [runtime-status] [33833] config() parent accessed! {"parentKey":"secrets","parentConfig":{}} 
[warn] ⚠  Non-existent functions.config() value requested!
   - Path: "secrets.fb_access_token"
   - Learn more at https://firebase.google.com/docs/functions/local-emulator
[debug] [2020-05-12T21:56:10.617Z] [runtime-status] [33833] Trigger "MostRecentPost" has been found, beginning invocation! 
[info] i  functions: Beginning execution of "MostRecentPost"
[debug] [2020-05-12T21:56:10.617Z] [runtime-status] [33833] triggerDefinition {"httpsTrigger":{},"name":"MostRecentPost","entryPoint":"MostRecentPost"} 
[debug] [2020-05-12T21:56:10.618Z] [runtime-status] [33833] Running MostRecentPost in mode HTTPS 
[debug] [2020-05-12T21:56:10.620Z] [runtime-status] [33833] Attempting to listen to socketPath: /var/folders/1t/nn8bm0yn4119nnqs2b2nsyg80000gn/T/fire_emu_33833.sock 
[debug] [2020-05-12T21:56:10.623Z] [functions] Runtime ready! Sending request! 
[debug] [2020-05-12T21:56:10.631Z] [runtime-status] [33833] Ephemeral server handling GET request 
[debug] [2020-05-12T21:56:11.218Z] [runtime-status] [33833] Ephemeral server survived. 
[info] i  functions: Finished "MostRecentPost" in ~1s
[debug] [2020-05-12T21:56:11.220Z] [worker-MostRecentPost-1fa9555f-6444-4db0-a43a-ee4d369bdaa4]: IDLE 
[debug] [2020-05-12T21:56:11.220Z] [work-queue] {"queueLength":0,"workRunningCount":0}
